<?xml version="1.0" encoding="UTF-8"?>
<testng-results ignored="0" total="2" passed="2" failed="0" skipped="0">
  <reporter-output>
  </reporter-output>
  <suite started-at="2024-11-25T14:19:56 IST" name="Default suite" finished-at="2024-11-25T14:19:56 IST" duration-ms="167">
    <groups>
    </groups>
    <test started-at="2024-11-25T14:19:56 IST" name="Default test" finished-at="2024-11-25T14:19:56 IST" duration-ms="167">
      <class name="org.AdactinProject.Junit.AdactinProjectRun">
        <test-method signature="EndTime()[pri:0, instance:org.AdactinProject.Junit.AdactinProjectRun@5ab956d7]" started-at="2024-11-25T14:19:56 IST" name="EndTime" finished-at="2024-11-25T14:19:56 IST" duration-ms="34" status="PASS">
          <reporter-output>
          </reporter-output>
        </test-method> <!-- EndTime -->
        <test-method signature="completion()[pri:0, instance:org.AdactinProject.Junit.AdactinProjectRun@5ab956d7]" started-at="2024-11-25T14:19:56 IST" name="completion" finished-at="2024-11-25T14:19:56 IST" duration-ms="2" status="PASS">
          <reporter-output>
          </reporter-output>
        </test-method> <!-- completion -->
      </class> <!-- org.AdactinProject.Junit.AdactinProjectRun -->
    </test> <!-- Default test -->
  </suite> <!-- Default suite -->
</testng-results>
